<?xml version="1.0" encoding="UTF-8"?>
<testng-results ignored="5" total="6" passed="0" failed="1" skipped="0">
  <reporter-output>
    <line>
      <![CDATA[Extent Report Directory/Users/imamhossan/IdeaProjects/WebAutomationNov2020/ebay/target/surefire-reports/html]]>
    </line>
    <line>
      <![CDATA[Clicked on Register Button<br>]]>
    </line>
    <line>
      <![CDATA[first name is displayed<br>]]>
    </line>
    <line>
      <![CDATA[last name is displayed<br>]]>
    </line>
    <line>
      <![CDATA[email is displayed<br>]]>
    </line>
  </reporter-output>
  <suite started-at="2020-11-23T21:49:42 EST" name="Selenium Test Suite" finished-at="2020-11-23T21:49:50 EST" duration-ms="7794">
    <groups>
    </groups>
    <test started-at="2020-11-23T21:49:42 EST" name="Automation tests" finished-at="2020-11-23T21:49:50 EST" duration-ms="7794">
      <class name="com.ebaytest.HomePageValidations">
        <test-method is-config="true" signature="extentSetup(org.testng.ITestContext)[pri:0, instance:com.ebaytest.HomePageValidations@73eb439a]" started-at="2020-11-23T21:49:42 EST" name="extentSetup" finished-at="2020-11-23T21:49:42 EST" duration-ms="113" status="PASS">
          <params>
            <param index="0">
              <value>
                <![CDATA[org.testng.TestRunner@4912d525]]>
              </value>
            </param>
          </params>
          <reporter-output>
            <line>
              <![CDATA[Extent Report Directory/Users/imamhossan/IdeaProjects/WebAutomationNov2020/ebay/target/surefire-reports/html]]>
            </line>
          </reporter-output>
        </test-method> <!-- extentSetup -->
        <test-method is-config="true" signature="setupDriver(java.lang.String, java.lang.String, java.lang.String, boolean, java.lang.String, java.lang.String)[pri:0, instance:com.ebaytest.HomePageValidations@73eb439a]" started-at="2020-11-23T21:49:42 EST" name="setupDriver" finished-at="2020-11-23T21:49:46 EST" duration-ms="3840" status="PASS">
          <params>
            <param index="0">
              <value>
                <![CDATA[mac]]>
              </value>
            </param>
            <param index="1">
              <value>
                <![CDATA[https://www.ebay.com]]>
              </value>
            </param>
            <param index="2">
              <value>
                <![CDATA[chrome]]>
              </value>
            </param>
            <param index="3">
              <value>
                <![CDATA[false]]>
              </value>
            </param>
            <param index="4">
              <value>
                <![CDATA[77.0]]>
              </value>
            </param>
            <param index="5">
              <value>
                <![CDATA[saucelabs]]>
              </value>
            </param>
          </params>
          <reporter-output>
          </reporter-output>
        </test-method> <!-- setupDriver -->
        <test-method is-config="true" signature="startExtent(java.lang.reflect.Method)[pri:0, instance:com.ebaytest.HomePageValidations@73eb439a]" started-at="2020-11-23T21:49:46 EST" name="startExtent" finished-at="2020-11-23T21:49:46 EST" duration-ms="6" status="PASS">
          <params>
            <param index="0">
              <value>
                <![CDATA[public void com.ebaytest.HomePageValidations.fieldsValidationOnRegisterPage()]]>
              </value>
            </param>
          </params>
          <reporter-output>
          </reporter-output>
        </test-method> <!-- startExtent -->
        <test-method signature="fieldsValidationOnRegisterPage()[pri:0, instance:com.ebaytest.HomePageValidations@73eb439a]" started-at="2020-11-23T21:49:46 EST" name="fieldsValidationOnRegisterPage" finished-at="2020-11-23T21:49:48 EST" duration-ms="2758" status="FAIL">
          <exception class="java.lang.AssertionError">
            <message>
              <![CDATA[The following asserts failed:
expected [Lat Name] but found [Last Name]]]>
            </message>
            <full-stacktrace>
              <![CDATA[java.lang.AssertionError: The following asserts failed:
expected [Lat Name] but found [Last Name]
at org.testng.asserts.SoftAssert.assertAll(SoftAssert.java:47)
at org.testng.asserts.SoftAssert.assertAll(SoftAssert.java:31)
at pages.RegisterPage.validateFieldsUsingSoftAssert(RegisterPage.java:72)
at com.ebaytest.HomePageValidations.fieldsValidationOnRegisterPage(HomePageValidations.java:62)
at java.base/jdk.internal.reflect.NativeMethodAccessorImpl.invoke0(Native Method)
at java.base/jdk.internal.reflect.NativeMethodAccessorImpl.invoke(NativeMethodAccessorImpl.java:64)
at java.base/jdk.internal.reflect.DelegatingMethodAccessorImpl.invoke(DelegatingMethodAccessorImpl.java:43)
at java.base/java.lang.reflect.Method.invoke(Method.java:564)
at org.testng.internal.MethodInvocationHelper.invokeMethod(MethodInvocationHelper.java:132)
at org.testng.internal.TestInvoker.invokeMethod(TestInvoker.java:599)
at org.testng.internal.TestInvoker.invokeTestMethod(TestInvoker.java:174)
at org.testng.internal.MethodRunner.runInSequence(MethodRunner.java:46)
at org.testng.internal.TestInvoker$MethodInvocationAgent.invoke(TestInvoker.java:822)
at org.testng.internal.TestInvoker.invokeTestMethods(TestInvoker.java:147)
at org.testng.internal.TestMethodWorker.invokeTestMethods(TestMethodWorker.java:146)
at org.testng.internal.TestMethodWorker.run(TestMethodWorker.java:128)
at java.base/java.util.ArrayList.forEach(ArrayList.java:1511)
at org.testng.TestRunner.privateRun(TestRunner.java:764)
at org.testng.TestRunner.run(TestRunner.java:585)
at org.testng.SuiteRunner.runTest(SuiteRunner.java:384)
at org.testng.SuiteRunner.runSequentially(SuiteRunner.java:378)
at org.testng.SuiteRunner.privateRun(SuiteRunner.java:337)
at org.testng.SuiteRunner.run(SuiteRunner.java:286)
at org.testng.SuiteRunnerWorker.runSuite(SuiteRunnerWorker.java:53)
at org.testng.SuiteRunnerWorker.run(SuiteRunnerWorker.java:96)
at org.testng.TestNG.runSuitesSequentially(TestNG.java:1218)
at org.testng.TestNG.runSuitesLocally(TestNG.java:1140)
at org.testng.TestNG.runSuites(TestNG.java:1069)
at org.testng.TestNG.run(TestNG.java:1037)
at org.apache.maven.surefire.testng.TestNGExecutor.run(TestNGExecutor.java:283)
at org.apache.maven.surefire.testng.TestNGXmlTestSuite.execute(TestNGXmlTestSuite.java:75)
at org.apache.maven.surefire.testng.TestNGProvider.invoke(TestNGProvider.java:120)
at org.apache.maven.surefire.booter.ForkedBooter.invokeProviderInSameClassLoader(ForkedBooter.java:384)
at org.apache.maven.surefire.booter.ForkedBooter.runSuitesInProcess(ForkedBooter.java:345)
at org.apache.maven.surefire.booter.ForkedBooter.execute(ForkedBooter.java:126)
at org.apache.maven.surefire.booter.ForkedBooter.main(ForkedBooter.java:418)
]]>
            </full-stacktrace>
          </exception> <!-- java.lang.AssertionError -->
          <reporter-output>
            <line>
              <![CDATA[Clicked on Register Button<br>]]>
            </line>
            <line>
              <![CDATA[first name is displayed<br>]]>
            </line>
            <line>
              <![CDATA[last name is displayed<br>]]>
            </line>
            <line>
              <![CDATA[email is displayed<br>]]>
            </line>
          </reporter-output>
        </test-method> <!-- fieldsValidationOnRegisterPage -->
        <test-method is-config="true" signature="afterEachTestMethod(org.testng.ITestResult)[pri:0, instance:com.ebaytest.HomePageValidations@73eb439a]" started-at="2020-11-23T21:49:48 EST" name="afterEachTestMethod" finished-at="2020-11-23T21:49:49 EST" duration-ms="949" status="PASS">
          <params>
            <param index="0">
              <value>
                <![CDATA[[TestResult name=fieldsValidationOnRegisterPage status=FAILURE method=HomePageValidations.fieldsValidationOnRegisterPage()[pri:0, instance:com.ebaytest.HomePageValidations@73eb439a] output=Clicked on Register Button<br>]]]>
              </value>
            </param>
          </params>
          <reporter-output>
          </reporter-output>
        </test-method> <!-- afterEachTestMethod -->
        <test-method is-config="true" signature="cleanUp()[pri:0, instance:com.ebaytest.HomePageValidations@73eb439a]" started-at="2020-11-23T21:49:49 EST" name="cleanUp" finished-at="2020-11-23T21:49:50 EST" duration-ms="211" status="PASS">
          <reporter-output>
          </reporter-output>
        </test-method> <!-- cleanUp -->
        <test-method is-config="true" signature="generateReport()[pri:0, instance:com.ebaytest.HomePageValidations@73eb439a]" started-at="2020-11-23T21:49:50 EST" name="generateReport" finished-at="2020-11-23T21:49:50 EST" duration-ms="47" status="PASS">
          <reporter-output>
          </reporter-output>
        </test-method> <!-- generateReport -->
      </class> <!-- com.ebaytest.HomePageValidations -->
    </test> <!-- Automation tests -->
  </suite> <!-- Selenium Test Suite -->
</testng-results>
