<?xml version="1.0" encoding="UTF-8"?>
<!-- Generated by org.testng.reporters.JUnitReportReporter -->
<testsuite hostname="Imams-Air.lan" failures="1" tests="6" name="com.ebaytest.HomePageValidations" time="7.764" errors="0" timestamp="2020-11-23T21:49:50 EST" skipped="5">
  <testcase classname="com.ebaytest.HomePageValidations" name="fieldsValidationOnRegisterPage" time="7.764">
    <failure message="The following asserts failed:
	expected [Lat Name] but found [Last Name]" type="java.lang.AssertionError">
      <![CDATA[java.lang.AssertionError: The following asserts failed:
expected [Lat Name] but found [Last Name]
at org.testng.asserts.SoftAssert.assertAll(SoftAssert.java:47)
at org.testng.asserts.SoftAssert.assertAll(SoftAssert.java:31)
at pages.RegisterPage.validateFieldsUsingSoftAssert(RegisterPage.java:72)
at com.ebaytest.HomePageValidations.fieldsValidationOnRegisterPage(HomePageValidations.java:62)
at java.base/jdk.internal.reflect.NativeMethodAccessorImpl.invoke0(Native Method)
at java.base/jdk.internal.reflect.NativeMethodAccessorImpl.invoke(NativeMethodAccessorImpl.java:64)
at java.base/jdk.internal.reflect.DelegatingMethodAccessorImpl.invoke(DelegatingMethodAccessorImpl.java:43)
at java.base/java.lang.reflect.Method.invoke(Method.java:564)
at org.testng.internal.MethodInvocationHelper.invokeMethod(MethodInvocationHelper.java:132)
at org.testng.internal.TestInvoker.invokeMethod(TestInvoker.java:599)
at org.testng.internal.TestInvoker.invokeTestMethod(TestInvoker.java:174)
at org.testng.internal.MethodRunner.runInSequence(MethodRunner.java:46)
at org.testng.internal.TestInvoker$MethodInvocationAgent.invoke(TestInvoker.java:822)
at org.testng.internal.TestInvoker.invokeTestMethods(TestInvoker.java:147)
at org.testng.internal.TestMethodWorker.invokeTestMethods(TestMethodWorker.java:146)
at org.testng.internal.TestMethodWorker.run(TestMethodWorker.java:128)
at java.base/java.util.ArrayList.forEach(ArrayList.java:1511)
at org.testng.TestRunner.privateRun(TestRunner.java:764)
at org.testng.TestRunner.run(TestRunner.java:585)
at org.testng.SuiteRunner.runTest(SuiteRunner.java:384)
at org.testng.SuiteRunner.runSequentially(SuiteRunner.java:378)
at org.testng.SuiteRunner.privateRun(SuiteRunner.java:337)
at org.testng.SuiteRunner.run(SuiteRunner.java:286)
at org.testng.SuiteRunnerWorker.runSuite(SuiteRunnerWorker.java:53)
at org.testng.SuiteRunnerWorker.run(SuiteRunnerWorker.java:96)
at org.testng.TestNG.runSuitesSequentially(TestNG.java:1218)
at org.testng.TestNG.runSuitesLocally(TestNG.java:1140)
at org.testng.TestNG.runSuites(TestNG.java:1069)
at org.testng.TestNG.run(TestNG.java:1037)
at org.apache.maven.surefire.testng.TestNGExecutor.run(TestNGExecutor.java:283)
at org.apache.maven.surefire.testng.TestNGXmlTestSuite.execute(TestNGXmlTestSuite.java:75)
at org.apache.maven.surefire.testng.TestNGProvider.invoke(TestNGProvider.java:120)
at org.apache.maven.surefire.booter.ForkedBooter.invokeProviderInSameClassLoader(ForkedBooter.java:384)
at org.apache.maven.surefire.booter.ForkedBooter.runSuitesInProcess(ForkedBooter.java:345)
at org.apache.maven.surefire.booter.ForkedBooter.execute(ForkedBooter.java:126)
at org.apache.maven.surefire.booter.ForkedBooter.main(ForkedBooter.java:418)
]]>
    </failure>
  </testcase> <!-- fieldsValidationOnRegisterPage -->
  <system-out>
Clicked on Register Button<br> first name is displayed<br> last name is displayed<br> email is displayed<br>  </system-out>
  <testcase classname="com.ebaytest.HomePageValidations" name="validateUserBeingAbleToTypeOnSearchBar">
    <skipped/>
  </testcase> <!-- validateUserBeingAbleToTypeOnSearchBar -->
  <system-out/>
  <testcase classname="com.ebaytest.HomePageValidations" name="validateUserBeingAbleToLogin">
    <skipped/>
  </testcase> <!-- validateUserBeingAbleToLogin -->
  <system-out/>
  <testcase classname="com.ebaytest.HomePageValidations" name="validateUserCanRegister">
    <skipped/>
  </testcase> <!-- validateUserCanRegister -->
  <system-out/>
  <testcase classname="com.ebaytest.HomePageValidations" name="validateUserBeingAbleToClickOnSignInButton">
    <skipped/>
  </testcase> <!-- validateUserBeingAbleToClickOnSignInButton -->
  <system-out/>
  <testcase classname="com.ebaytest.HomePageValidations" name="validateUserBeingAbleToSearchForAnItem">
    <skipped/>
  </testcase> <!-- validateUserBeingAbleToSearchForAnItem -->
  <system-out/>
</testsuite> <!-- com.ebaytest.HomePageValidations -->
