<?xml version="1.0" encoding="UTF-8"?>
<!-- Generated by org.testng.reporters.JUnitXMLReporter -->
<testsuite ignored="5" hostname="Imams-Air.lan" failures="1" tests="1" name="Automation tests" time="7.794" errors="0" timestamp="2020-11-23T21:49:50 EST">
  <testcase classname="com.ebaytest.HomePageValidations" name="fieldsValidationOnRegisterPage" time="2.758">
    <failure type="java.lang.AssertionError" message="The following asserts failed:
	expected [Lat Name] but found [Last Name]">
      <![CDATA[java.lang.AssertionError: The following asserts failed:
expected [Lat Name] but found [Last Name]
at pages.RegisterPage.validateFieldsUsingSoftAssert(RegisterPage.java:72)
at com.ebaytest.HomePageValidations.fieldsValidationOnRegisterPage(HomePageValidations.java:62)
at java.base/java.util.ArrayList.forEach(ArrayList.java:1511)
... Removed 33 stack frames]]>
    </failure>
  </testcase> <!-- fieldsValidationOnRegisterPage -->
  <testcase classname="com.ebaytest.HomePageValidations" name="validateUserBeingAbleToTypeOnSearchBar" time="0.0">
    <ignored/>
  </testcase> <!-- validateUserBeingAbleToTypeOnSearchBar -->
  <testcase classname="com.ebaytest.HomePageValidations" name="validateUserBeingAbleToLogin" time="0.0">
    <ignored/>
  </testcase> <!-- validateUserBeingAbleToLogin -->
  <testcase classname="com.ebaytest.HomePageValidations" name="validateUserCanRegister" time="0.0">
    <ignored/>
  </testcase> <!-- validateUserCanRegister -->
  <testcase classname="com.ebaytest.HomePageValidations" name="validateUserBeingAbleToClickOnSignInButton" time="0.0">
    <ignored/>
  </testcase> <!-- validateUserBeingAbleToClickOnSignInButton -->
  <testcase classname="com.ebaytest.HomePageValidations" name="validateUserBeingAbleToSearchForAnItem" time="0.0">
    <ignored/>
  </testcase> <!-- validateUserBeingAbleToSearchForAnItem -->
</testsuite> <!-- Automation tests -->
